

> frontend@1.0.0 build /Users/mossuz/Documents/Documents personnels/super-umbrella/frontend
> vite build --logLevel info

[36mvite v7.1.0 [32mbuilding for production...[36m[39m
[2K[1Gtransforming (1) [2msrc/index.tsx[22m[2K[1Gtransforming (10) [2m../node_modules/.pnpm/react@19.1.0/node_modules/react/index.js[22m[2K[1Gtransforming (28) [2m../node_modules/.pnpm/scheduler@0.26.0/node_modules/scheduler/index.js[22m[2K[1G[2K[1G[2K[1G[2K[1G[2K[1Gtransforming (45) [2m../node_modules/.pnpm/react-router@7.6.2_react-dom@19.1.0_react@19.1.0__react@19.1.0/[2K[1G[2K[1G[2K[1Gtransforming (59) [2msrc/types/job.ts[22m[2K[1G[2K[1G[2K[1G[2K[1G[2K[1G[2K[1G[2K[1G[2K[1G[2K[1G[2K[1G[2K[1G[2K[1G[2K[1G[2K[1G[2K[1G[2K[1G[2K[1Gtransforming (117) [2m../node_modules/.pnpm/lucide-react@0.515.0_react@19.1.0/node_modules/lucide-react/di[2K[1Gtransforming (357) [2m../node_modules/.pnpm/lucide-react@0.515.0_react@19.1.0/node_modules/lucide-react/di[2K[1Gtransforming (611) [2m../node_modules/.pnpm/lucide-react@0.515.0_react@19.1.0/node_modules/lucide-react/di[2K[1Gtransforming (1184) [2m../node_modules/.pnpm/lucide-react@0.515.0_react@19.1.0/node_modules/lucide-react/d[2K[1Gtransforming (1705) [2msrc/utils/authToken.ts[22m[2K[1G[2K[1G[2K[1G[2K[1G[2K[1G[2K[1G[2K[1G[2K[1G[2K[1G[2K[1Gtransforming (1760) [2m../node_modules/.pnpm/@radix-ui+react-use-is-hydrated@0.1.0_@types+react@19.1.7_rea[2K[1G[2K[1G[2K[1Gtransforming (1774) [2m../node_modules/.pnpm/mammoth@1.10.0/node_modules/mammoth/lib/options-reader.js[22[2K[1G[2K[1G[2K[1G[2K[1G[2K[1G[2K[1G[2K[1G[2K[1G[2K[1G[2K[1Gtransforming (1824) [2m../node_modules/.pnpm/use-sync-external-store@1.5.0_react@19.1.0/node_modules/use-s[2K[1G[2K[1G[2K[1Gtransforming (2004) [2m../node_modules/.pnpm/bluebird@3.4.7/node_modules/bluebird/js/release/settle.js[22[2K[1G[2K[1G[2K[1G[2K[1G[2K[1G[2K[1G[2K[1G[2K[1G[2K[1Gtransforming (2088) [2m../node_modules/.pnpm/@supabase+auth-js@2.70.0/node_modules/@supabase/auth-js/dist/[2K[1G[2K[1G[2K[1G[2K[1G[2K[1G[2K[1G[2K[1Gtransforming (2200) [2m../node_modules/.pnpm/@supabase+storage-js@2.7.1/node_modules/@supabase/storage-js/[2K[1G[2K[1G[2K[1G[2K[1G[2K[1G[2K[1G[2K[1G[2K[1G[2K[1G[2K[1G[2K[1G[2K[1G[2K[1G[2K[1G[2K[1G[2K[1G[2K[1G[2K[1G[2K[1G[32m✓[39m 2312 modules transformed.
[2K[1Grendering chunks (1)...[2K[1Grendering chunks (2)...[2K[1Grendering chunks (3)...[2K[1Grendering chunks (4)...[2K[1Grendering chunks (5)...[2K[1Grendering chunks (6)...[2K[1Grendering chunks (7)...[2K[1Grendering chunks (8)...[2K[1Grendering chunks (9)...[2K[1G[33m[plugin vite:reporter] 
(!) /Users/mossuz/Documents/Documents personnels/super-umbrella/frontend/src/components/RichTextEditor.tsx is dynamically imported by /Users/mossuz/Documents/Documents personnels/super-umbrella/frontend/src/pages/EditeurBilan.tsx but also statically imported by /Users/mossuz/Documents/Documents personnels/super-umbrella/frontend/src/components/TemplateEditor.tsx, dynamic import will not move module into another chunk.
[39m
[2K[1Grendering chunks (10)...[2K[1G[2K[1Gcomputing gzip size (0)...[2K[1Gcomputing gzip size (1)...[2K[1Gcomputing gzip size (2)...[2K[1Gcomputing gzip size (3)...[2K[1Gcomputing gzip size (4)...[2K[1Gcomputing gzip size (5)...[2K[1Gcomputing gzip size (6)...[2K[1Gcomputing gzip size (7)...[2K[1Gcomputing gzip size (8)...[2K[1Gcomputing gzip size (9)...[2K[1Gcomputing gzip size (10)...[2K[1Gcomputing gzip size (11)...[2K[1Gcomputing gzip size (12)...[2K[1G[2mdist/[22m[32mindex.html                         [39m[1m[2m    0.66 kB[22m[1m[22m[2m │ gzip:   0.37 kB[22m
[2mdist/[22m[2massets/[22m[35mindex-Dqyrlkg4.css          [39m[1m[2m   47.15 kB[22m[1m[22m[2m │ gzip:   9.06 kB[22m
[2mdist/[22m[2massets/[22m[36mauthToken-wDsYfe9K.js       [39m[1m[2m    0.09 kB[22m[1m[22m[2m │ gzip:   0.10 kB[22m
[2mdist/[22m[2massets/[22m[36mauth.fake-DHgLrT4B.js       [39m[1m[2m    0.93 kB[22m[1m[22m[2m │ gzip:   0.48 kB[22m
[2mdist/[22m[2massets/[22m[36mpreload-helper-WQhrSmCl.js  [39m[1m[2m    1.86 kB[22m[1m[22m[2m │ gzip:   0.96 kB[22m
[2mdist/[22m[2massets/[22m[36mindex-CUFfrt91.js           [39m[1m[2m   15.39 kB[22m[1m[22m[2m │ gzip:   5.46 kB[22m
[2mdist/[22m[2massets/[22m[36mauth.keycloak-Baw5WqJI.js   [39m[1m[2m   29.28 kB[22m[1m[22m[2m │ gzip:   8.99 kB[22m
[2mdist/[22m[2massets/[22m[36mAiRightPanel-BrXPGFBY.js    [39m[1m[2m   29.90 kB[22m[1m[22m[2m │ gzip:   9.61 kB[22m
[2mdist/[22m[2massets/[22m[36mjszip.min-DHQLLV9O.js       [39m[1m[2m   97.06 kB[22m[1m[22m[2m │ gzip:  29.95 kB[22m
[2mdist/[22m[2massets/[22m[36mauth.supabase-8jg-Xvbj.js   [39m[1m[2m  112.98 kB[22m[1m[22m[2m │ gzip:  31.20 kB[22m
[2mdist/[22m[2massets/[22m[36mindex-Bp8XGngw.js           [39m[1m[2m  402.10 kB[22m[1m[22m[2m │ gzip: 100.08 kB[22m
[2mdist/[22m[2massets/[22m[36mindex-CSAfXdUC.js           [39m[1m[33m1,165.33 kB[39m[22m[2m │ gzip: 370.54 kB[22m
[33m
(!) Some chunks are larger than 500 kB after minification. Consider:
- Using dynamic import() to code-split the application
- Use build.rollupOptions.output.manualChunks to improve chunking: https://rollupjs.org/configuration-options/#output-manualchunks
- Adjust chunk size limit for this warning via build.chunkSizeWarningLimit.[39m
[32m✓ built in 4.01s[39m
